<?xml version="1.0" encoding="UTF-8"?>
<!-- Generated by org.testng.reporters.JUnitXMLReporter -->
<testsuite ignored="0" hostname="DESKTOP-HBPR2UE" failures="0" tests="6" name="Default test" time="9.518" errors="0" timestamp="2025-11-24T15:57:11 IST">
  <testcase classname="api.tests.UserStoreTest2" name="userPostStoreTest" time="2.688"/>
  <testcase classname="api.tests.UserStoreTest2" name="userPostStoreTest" time="1.154"/>
  <testcase classname="api.tests.UserStoreTest2" name="userPostStoreTest" time="1.089"/>
  <testcase classname="api.tests.UserStoreTest2" name="userPostStoreTest" time="1.11"/>
  <testcase classname="api.tests.UserStoreTest2" name="userPostStoreTest" time="1.117"/>
  <testcase classname="api.tests.UserStoreTest2" name="storeGetTest" time="1.185"/>
</testsuite> <!-- Default test -->
