<?xml version="1.0" encoding="UTF-8"?>
<!-- Generated by org.testng.reporters.JUnitXMLReporter -->
<testsuite ignored="0" hostname="DESKTOP-HBPR2UE" failures="0" tests="6" name="Test2" time="8.869" errors="0" timestamp="2025-11-24T18:09:36 IST">
  <testcase classname="api.tests.UserStoreTest2" name="userPostStoreTest" time="1.711"/>
  <testcase classname="api.tests.UserStoreTest2" name="userPostStoreTest" time="1.083"/>
  <testcase classname="api.tests.UserStoreTest2" name="userPostStoreTest" time="1.127"/>
  <testcase classname="api.tests.UserStoreTest2" name="userPostStoreTest" time="1.082"/>
  <testcase classname="api.tests.UserStoreTest2" name="userPostStoreTest" time="1.103"/>
  <testcase classname="api.tests.UserStoreTest2" name="storeGetTest" time="1.093"/>
</testsuite> <!-- Test2 -->
