<?xml version="1.0" encoding="UTF-8"?>
<testng-results ignored="0" total="2" passed="2" failed="0" skipped="0">
  <reporter-output>
  </reporter-output>
  <suite started-at="2025-11-25T18:07:43 IST" name="Surefire suite" finished-at="2025-11-25T18:07:47 IST" duration-ms="3877">
    <groups>
    </groups>
    <test started-at="2025-11-25T18:07:43 IST" name="Surefire test" finished-at="2025-11-25T18:07:47 IST" duration-ms="3877">
      <class name="api.tests.UserStoreTest">
        <test-method is-config="true" signature="setUp()[pri:0, instance:api.tests.UserStoreTest@1139b2f3]" started-at="2025-11-25T18:07:43 IST" name="setUp" finished-at="2025-11-25T18:07:43 IST" duration-ms="44" status="PASS">
          <reporter-output>
          </reporter-output>
        </test-method> <!-- setUp -->
        <test-method signature="storeCreateTest()[pri:1, instance:api.tests.UserStoreTest@1139b2f3]" started-at="2025-11-25T18:07:43 IST" name="storeCreateTest" finished-at="2025-11-25T18:07:46 IST" duration-ms="2652" status="PASS">
          <reporter-output>
          </reporter-output>
        </test-method> <!-- storeCreateTest -->
        <test-method signature="readStoreTest()[pri:2, instance:api.tests.UserStoreTest@1139b2f3]" started-at="2025-11-25T18:07:46 IST" name="readStoreTest" finished-at="2025-11-25T18:07:47 IST" duration-ms="1144" status="PASS">
          <reporter-output>
          </reporter-output>
        </test-method> <!-- readStoreTest -->
      </class> <!-- api.tests.UserStoreTest -->
    </test> <!-- Surefire test -->
  </suite> <!-- Surefire suite -->
</testng-results>
