<?xml version="1.0" encoding="UTF-8"?>
<testng-results ignored="0" total="8" passed="8" failed="0" skipped="0">
  <reporter-output>
  </reporter-output>
  <suite started-at="2025-11-24T18:09:28 IST" name="Suite" finished-at="2025-11-24T18:09:36 IST" duration-ms="8869">
    <groups>
    </groups>
    <test started-at="2025-11-24T18:09:28 IST" name="Test1" finished-at="2025-11-24T18:09:32 IST" duration-ms="4514">
      <class name="api.tests.UserStoreTest">
        <test-method is-config="true" signature="setUp()[pri:0, instance:api.tests.UserStoreTest@c0c2f8d]" started-at="2025-11-24T18:09:28 IST" name="setUp" finished-at="2025-11-24T18:09:28 IST" duration-ms="102" status="PASS">
          <reporter-output>
          </reporter-output>
        </test-method> <!-- setUp -->
        <test-method signature="storeCreateTest()[pri:1, instance:api.tests.UserStoreTest@c0c2f8d]" started-at="2025-11-24T18:09:28 IST" name="storeCreateTest" finished-at="2025-11-24T18:09:31 IST" duration-ms="3272" status="PASS">
          <reporter-output>
          </reporter-output>
        </test-method> <!-- storeCreateTest -->
        <test-method signature="readStoreTest()[pri:2, instance:api.tests.UserStoreTest@c0c2f8d]" started-at="2025-11-24T18:09:31 IST" name="readStoreTest" finished-at="2025-11-24T18:09:32 IST" duration-ms="1094" status="PASS">
          <reporter-output>
          </reporter-output>
        </test-method> <!-- readStoreTest -->
      </class> <!-- api.tests.UserStoreTest -->
    </test> <!-- Test1 -->
    <test started-at="2025-11-24T18:09:28 IST" name="Test2" finished-at="2025-11-24T18:09:36 IST" duration-ms="8869">
      <class name="api.tests.UserStoreTest2">
        <test-method signature="userPostStoreTest(java.lang.String,java.lang.String,java.lang.String,java.lang.String,java.lang.String,java.lang.String)[pri:1, instance:api.tests.UserStoreTest2@548e6d58]" started-at="2025-11-24T18:09:29 IST" name="userPostStoreTest" data-provider="Data1" finished-at="2025-11-24T18:09:31 IST" duration-ms="1711" status="PASS">
          <params>
            <param index="0">
              <value>
                <![CDATA[1.0]]>
              </value>
            </param>
            <param index="1">
              <value>
                <![CDATA[123.0]]>
              </value>
            </param>
            <param index="2">
              <value>
                <![CDATA[4.0]]>
              </value>
            </param>
            <param index="3">
              <value>
                <![CDATA[2025-11-24]]>
              </value>
            </param>
            <param index="4">
              <value>
                <![CDATA[placed]]>
              </value>
            </param>
            <param index="5">
              <value>
                <![CDATA[TRUE]]>
              </value>
            </param>
          </params>
          <reporter-output>
          </reporter-output>
        </test-method> <!-- userPostStoreTest -->
        <test-method signature="userPostStoreTest(java.lang.String,java.lang.String,java.lang.String,java.lang.String,java.lang.String,java.lang.String)[pri:1, instance:api.tests.UserStoreTest2@548e6d58]" started-at="2025-11-24T18:09:31 IST" name="userPostStoreTest" data-provider="Data1" finished-at="2025-11-24T18:09:32 IST" duration-ms="1083" status="PASS">
          <params>
            <param index="0">
              <value>
                <![CDATA[2.0]]>
              </value>
            </param>
            <param index="1">
              <value>
                <![CDATA[231.0]]>
              </value>
            </param>
            <param index="2">
              <value>
                <![CDATA[3.0]]>
              </value>
            </param>
            <param index="3">
              <value>
                <![CDATA[2025-11-20]]>
              </value>
            </param>
            <param index="4">
              <value>
                <![CDATA[placed]]>
              </value>
            </param>
            <param index="5">
              <value>
                <![CDATA[TRUE]]>
              </value>
            </param>
          </params>
          <reporter-output>
          </reporter-output>
        </test-method> <!-- userPostStoreTest -->
        <test-method signature="userPostStoreTest(java.lang.String,java.lang.String,java.lang.String,java.lang.String,java.lang.String,java.lang.String)[pri:1, instance:api.tests.UserStoreTest2@548e6d58]" started-at="2025-11-24T18:09:32 IST" name="userPostStoreTest" data-provider="Data1" finished-at="2025-11-24T18:09:33 IST" duration-ms="1127" status="PASS">
          <params>
            <param index="0">
              <value>
                <![CDATA[3.0]]>
              </value>
            </param>
            <param index="1">
              <value>
                <![CDATA[213.0]]>
              </value>
            </param>
            <param index="2">
              <value>
                <![CDATA[2.0]]>
              </value>
            </param>
            <param index="3">
              <value>
                <![CDATA[2025-11-21]]>
              </value>
            </param>
            <param index="4">
              <value>
                <![CDATA[placed]]>
              </value>
            </param>
            <param index="5">
              <value>
                <![CDATA[TRUE]]>
              </value>
            </param>
          </params>
          <reporter-output>
          </reporter-output>
        </test-method> <!-- userPostStoreTest -->
        <test-method signature="userPostStoreTest(java.lang.String,java.lang.String,java.lang.String,java.lang.String,java.lang.String,java.lang.String)[pri:1, instance:api.tests.UserStoreTest2@548e6d58]" started-at="2025-11-24T18:09:33 IST" name="userPostStoreTest" data-provider="Data1" finished-at="2025-11-24T18:09:34 IST" duration-ms="1082" status="PASS">
          <params>
            <param index="0">
              <value>
                <![CDATA[4.0]]>
              </value>
            </param>
            <param index="1">
              <value>
                <![CDATA[234.0]]>
              </value>
            </param>
            <param index="2">
              <value>
                <![CDATA[5.0]]>
              </value>
            </param>
            <param index="3">
              <value>
                <![CDATA[2025-11-22]]>
              </value>
            </param>
            <param index="4">
              <value>
                <![CDATA[placed]]>
              </value>
            </param>
            <param index="5">
              <value>
                <![CDATA[TRUE]]>
              </value>
            </param>
          </params>
          <reporter-output>
          </reporter-output>
        </test-method> <!-- userPostStoreTest -->
        <test-method signature="userPostStoreTest(java.lang.String,java.lang.String,java.lang.String,java.lang.String,java.lang.String,java.lang.String)[pri:1, instance:api.tests.UserStoreTest2@548e6d58]" started-at="2025-11-24T18:09:34 IST" name="userPostStoreTest" data-provider="Data1" finished-at="2025-11-24T18:09:35 IST" duration-ms="1103" status="PASS">
          <params>
            <param index="0">
              <value>
                <![CDATA[5.0]]>
              </value>
            </param>
            <param index="1">
              <value>
                <![CDATA[432.0]]>
              </value>
            </param>
            <param index="2">
              <value>
                <![CDATA[6.0]]>
              </value>
            </param>
            <param index="3">
              <value>
                <![CDATA[2025-11-23]]>
              </value>
            </param>
            <param index="4">
              <value>
                <![CDATA[placed]]>
              </value>
            </param>
            <param index="5">
              <value>
                <![CDATA[TRUE]]>
              </value>
            </param>
          </params>
          <reporter-output>
          </reporter-output>
        </test-method> <!-- userPostStoreTest -->
        <test-method signature="storeGetTest()[pri:2, instance:api.tests.UserStoreTest2@548e6d58]" started-at="2025-11-24T18:09:35 IST" name="storeGetTest" finished-at="2025-11-24T18:09:36 IST" duration-ms="1093" status="PASS">
          <reporter-output>
          </reporter-output>
        </test-method> <!-- storeGetTest -->
      </class> <!-- api.tests.UserStoreTest2 -->
    </test> <!-- Test2 -->
  </suite> <!-- Suite -->
</testng-results>
