<?xml version="1.0" encoding="UTF-8"?>
<!-- Generated by org.testng.reporters.JUnitReportReporter -->
<testsuite hostname="DESKTOP-HBPR2UE" failures="0" tests="6" name="api.tests.UserStoreTest2" time="7.199" errors="0" timestamp="2025-11-24T18:09:37 IST" skipped="0">
  <testcase classname="api.tests.UserStoreTest2" name="userPostStoreTest" time="1.127"/>
  <testcase classname="api.tests.UserStoreTest2" name="userPostStoreTest" time="1.082"/>
  <testcase classname="api.tests.UserStoreTest2" name="userPostStoreTest" time="1.103"/>
  <testcase classname="api.tests.UserStoreTest2" name="userPostStoreTest" time="1.711"/>
  <testcase classname="api.tests.UserStoreTest2" name="userPostStoreTest" time="1.083"/>
  <testcase classname="api.tests.UserStoreTest2" name="storeGetTest" time="1.093"/>
</testsuite> <!-- api.tests.UserStoreTest2 -->
